<?xml version="1.0" encoding="UTF-8"?>
<!-- Generated by org.testng.reporters.JUnitReportReporter -->
<testsuite skipped="0" hostname="LAPTOP-1NOBEC0T" name="automationAmazon.AmazonLoginTestCase" tests="3" failures="0" timestamp="30 Nov 2018 14:20:55 GMT" time="18.404" errors="0">
  <testcase name="ivokeBrowser" time="0.070" classname="automationAmazon.AmazonLoginTestCase"/>
  <testcase name="amazonLogin" time="11.469" classname="automationAmazon.AmazonLoginTestCase"/>
  <testcase name="amazonLogout" time="6.865" classname="automationAmazon.AmazonLoginTestCase"/>
</testsuite> <!-- automationAmazon.AmazonLoginTestCase -->
